<?xml version="1.0" encoding="UTF-8"?>
<testsuite name="com.example.validation.messages.MessagesProcessorTest" tests="1" skipped="0" failures="0" errors="0" timestamp="2024-10-12T12:02:29" hostname="mallah-SER" time="0.256">
  <properties/>
  <testcase name="processErrors()" classname="com.example.validation.messages.MessagesProcessorTest" time="0.256"/>
  <system-out><![CDATA[09:02:29.201 [Test worker] INFO org.hibernate.validator.internal.util.Version -- HV000001: Hibernate Validator 8.0.1.Final
]]></system-out>
  <system-err><![CDATA[]]></system-err>
</testsuite>
