<?xml version="1.0" encoding="UTF-8"?>
<testsuite name="com.example.validation.messages.MessagesProcessorTest" tests="1" skipped="0" failures="0" errors="0" timestamp="2024-10-12T11:48:14" hostname="mallah-SER" time="0.216">
  <properties/>
  <testcase name="processWrapperWarnings()" classname="com.example.validation.messages.MessagesProcessorTest" time="0.216"/>
  <system-out><![CDATA[08:48:14.575 [Test worker] INFO org.hibernate.validator.internal.util.Version -- HV000001: Hibernate Validator 8.0.1.Final
]]></system-out>
  <system-err><![CDATA[]]></system-err>
</testsuite>
